
Bookモデルのテスト
  バリデーションのテスト
    titleカラム
[32m      空欄でないこと[0m
    bodyカラム
[32m      空欄でないこと[0m
[32m      200文字以下であること: 200文字は〇[0m
[32m      200文字以下であること: 201文字は×[0m
  アソシエーションのテスト
    Userモデルとの関係
[32m      N:1となっている[0m

Userモデルのテスト
  バリデーションのテスト
    nameカラム
[32m      空欄でないこと[0m
[32m      2文字以上であること: 1文字は×[0m
[32m      2文字以上であること: 2文字は〇[0m
[32m      20文字以下であること: 20文字は〇[0m
[32m      20文字以下であること: 21文字は×[0m
[32m      一意性があること[0m
    introductionカラム
[32m      50文字以下であること: 50文字は〇[0m
[32m      50文字以下であること: 51文字は×[0m
  アソシエーションのテスト
    Bookモデルとの関係
[32m      1:Nとなっている[0m

[STEP1] ユーザログイン前のテスト
  トップ画面のテスト
    表示内容の確認
[31m      URLが正しい (FAILED - 1)[0m
[31m      Log inリンクが表示される: 青色のボタンの表示が「Log in」である (FAILED - 2)[0m
[31m      Log inリンクの内容が正しい (FAILED - 3)[0m
[31m      Sign upリンクが表示される: 緑色のボタンの表示が「Sign up」である (FAILED - 4)[0m
[31m      Sign upリンクの内容が正しい (FAILED - 5)[0m
  アバウト画面のテスト
    表示内容の確認
[31m      URLが正しい (FAILED - 6)[0m
  ヘッダーのテスト: ログインしていない場合
    表示内容の確認
[31m      Bookersリンクが表示される: 左上から1番目のリンクが「Bookers」である (FAILED - 7)[0m
[31m      Homeリンクが表示される: 左上から2番目のリンクが「Home」である (FAILED - 8)[0m
[31m      Aboutリンクが表示される: 左上から3番目のリンクが「About」である (FAILED - 9)[0m
[31m      Sign upリンクが表示される: 左上から4番目のリンクが「Sign up」である (FAILED - 10)[0m
[31m      Log inリンクが表示される: 左上から5番目のリンクが「Log in」である (FAILED - 11)[0m
    リンクの内容を確認
[31m      Bookersを押すと、トップ画面に遷移する (FAILED - 12)[0m
[31m      Homeを押すと、トップ画面に遷移する (FAILED - 13)[0m
[31m      Aboutを押すと、アバウト画面に遷移する (FAILED - 14)[0m
[31m      Sign upを押すと、新規登録画面に遷移する (FAILED - 15)[0m
[31m      Log inを押すと、ログイン画面に遷移する (FAILED - 16)[0m
  ユーザ新規登録のテスト
    表示内容の確認
[32m      URLが正しい[0m
[32m      「Sign up」と表示される[0m
[32m      nameフォームが表示される[0m
[32m      emailフォームが表示される[0m
[32m      passwordフォームが表示される[0m
[32m      password_confirmationフォームが表示される[0m
[32m      Sign upボタンが表示される[0m
    新規登録成功のテスト
[32m      正しく新規登録される[0m
[31m      新規登録後のリダイレクト先が、新規登録できたユーザの詳細画面になっている (FAILED - 17)[0m
  ユーザログイン
    表示内容の確認
[32m      URLが正しい[0m
[32m      「Log in」と表示される[0m
[32m      nameフォームが表示される[0m
[32m      passwordフォームが表示される[0m
[32m      Log inボタンが表示される[0m
[32m      emailフォームは表示されない[0m
    ログイン成功のテスト
[31m      ログイン後のリダイレクト先が、ログインしたユーザの詳細画面になっている (FAILED - 18)[0m
    ログイン失敗のテスト
[32m      ログインに失敗し、ログイン画面にリダイレクトされる[0m
  ヘッダーのテスト: ログインしている場合
    ヘッダーの表示を確認
[31m      Bookersリンクが表示される: 左上から1番目のリンクが「Bookers」である (FAILED - 19)[0m
[31m      Homeリンクが表示される: 左上から2番目のリンクが「Home」である (FAILED - 20)[0m
[31m      Usersリンクが表示される: 左上から3番目のリンクが「Users」である (FAILED - 21)[0m
[31m      Booksリンクが表示される: 左上から4番目のリンクが「Books」である (FAILED - 22)[0m
[31m      Log outリンクが表示される: 左上から5番目のリンクが「Log out」である (FAILED - 23)[0m
  ユーザログアウトのテスト
    ログアウト機能のテスト
[31m      正しくログアウトできている: ログアウト後のリダイレクト先においてAbout画面へのリンクが存在する (FAILED - 24)[0m
[31m      ログアウト後のリダイレクト先が、トップになっている (FAILED - 25)[0m

[STEP2] ユーザログイン後のテスト
  ヘッダーのテスト: ログインしている場合
    リンクの内容を確認: ※logoutは『ユーザログアウトのテスト』でテスト済みになります。
[31m      Homeを押すと、自分のユーザ詳細画面に遷移する (FAILED - 26)[0m
[31m      Usersを押すと、ユーザ一覧画面に遷移する (FAILED - 27)[0m
[31m      Booksを押すと、投稿一覧画面に遷移する (FAILED - 28)[0m
  投稿一覧画面のテスト
    表示内容の確認
[32m      URLが正しい[0m
[32m      自分と他人の画像のリンク先が正しい[0m
[31m      自分の投稿と他人の投稿のタイトルのリンク先がそれぞれ正しい (FAILED - 29)[0m
[32m      自分の投稿と他人の投稿のオピニオンが表示される[0m
    サイドバーの確認
[32m      自分の名前と紹介文が表示される[0m
[32m      自分のユーザ編集画面へのリンクが存在する[0m
[32m      「New book」と表示される[0m
[32m      titleフォームが表示される[0m
[32m      titleフォームに値が入っていない[0m
[32m      bodyフォームが表示される[0m
[32m      bodyフォームに値が入っていない[0m
[31m      Create Bookボタンが表示される (FAILED - 30)[0m
    投稿成功のテスト
[31m      自分の新しい投稿が正しく保存される (FAILED - 31)[0m
[31m      リダイレクト先が、保存できた投稿の詳細画面になっている (FAILED - 32)[0m
  自分の投稿詳細画面のテスト
    表示内容の確認
[32m      URLが正しい[0m
[32m      「Book detail」と表示される[0m
[31m      ユーザ画像・名前のリンク先が正しい (FAILED - 33)[0m
[32m      投稿のtitleが表示される[0m
[32m      投稿のbodyが表示される[0m
[32m      投稿の編集リンクが表示される[0m
[32m      投稿の削除リンクが表示される[0m
    サイドバーの確認
[32m      自分の名前と紹介文が表示される[0m
[32m      自分のユーザ編集画面へのリンクが存在する[0m
[32m      「New book」と表示される[0m
[32m      titleフォームが表示される[0m
[32m      titleフォームに値が入っていない[0m
[32m      bodyフォームが表示される[0m
[32m      bodyフォームに値が入っていない[0m
[31m      Create Bookボタンが表示される (FAILED - 34)[0m
    投稿成功のテスト
[31m      自分の新しい投稿が正しく保存される (FAILED - 35)[0m
    編集リンクのテスト
[32m      編集画面に遷移する[0m
    削除リンクのテスト
[32m      application.html.erbにjavascript_pack_tagを含んでいる[0m
[32m      正しく削除される[0m
[32m      リダイレクト先が、投稿一覧画面になっている[0m
  自分の投稿編集画面のテスト
    表示の確認
[32m      URLが正しい[0m
[32m      「Editing Book」と表示される[0m
[32m      title編集フォームが表示される[0m
[32m      body編集フォームが表示される[0m
[32m      Update Bookボタンが表示される[0m
[32m      Showリンクが表示される[0m
[32m      Backリンクが表示される[0m
    編集成功のテスト
[32m      titleが正しく更新される[0m
[32m      bodyが正しく更新される[0m
[32m      リダイレクト先が、更新した投稿の詳細画面になっている[0m
  ユーザ一覧画面のテスト
    表示内容の確認
[32m      URLが正しい[0m
[32m      自分と他人の画像が表示される: fallbackの画像がサイドバーの1つ＋一覧(2人)の2つの計3つ存在する[0m
[32m      自分と他人の名前がそれぞれ表示される[0m
[32m      自分と他人のshowリンクがそれぞれ表示される[0m
    サイドバーの確認
[32m      自分の名前と紹介文が表示される[0m
[32m      自分のユーザ編集画面へのリンクが存在する[0m
[32m      「New book」と表示される[0m
[32m      titleフォームが表示される[0m
[32m      titleフォームに値が入っていない[0m
[32m      bodyフォームが表示される[0m
[32m      bodyフォームに値が入っていない[0m
[31m      Create Bookボタンが表示される (FAILED - 36)[0m
  自分のユーザ詳細画面のテスト
    表示の確認
[32m      URLが正しい[0m
[32m      投稿一覧のユーザ画像のリンク先が正しい[0m
[32m      投稿一覧に自分の投稿のtitleが表示され、リンクが正しい[0m
[32m      投稿一覧に自分の投稿のbodyが表示される[0m
[32m      他人の投稿は表示されない[0m
    サイドバーの確認
[32m      自分の名前と紹介文が表示される[0m
[32m      自分のユーザ編集画面へのリンクが存在する[0m
[32m      「New book」と表示される[0m
[32m      titleフォームが表示される[0m
[32m      titleフォームに値が入っていない[0m
[32m      bodyフォームが表示される[0m
[32m      bodyフォームに値が入っていない[0m
[31m      Create Bookボタンが表示される (FAILED - 37)[0m
  自分のユーザ情報編集画面のテスト
    表示の確認
[32m      URLが正しい[0m
[32m      名前編集フォームに自分の名前が表示される[0m
[32m      画像編集フォームが表示される[0m
[32m      自己紹介編集フォームに自分の自己紹介文が表示される[0m
[32m      Update Userボタンが表示される[0m
    更新成功のテスト
[32m      nameが正しく更新される[0m
[32m      introductionが正しく更新される[0m
[31m      リダイレクト先が、自分のユーザ詳細画面になっている (FAILED - 38)[0m

[STEP3] 仕上げのテスト
  サクセスメッセージのテスト
[32m    ユーザ新規登録成功時[0m
[32m    ユーザログイン成功時[0m
[31m    ユーザログアウト成功時 (FAILED - 39)[0m
[32m    ユーザのプロフィール情報更新成功時[0m
[31m    投稿データの新規投稿成功時: 投稿一覧画面から行います。 (FAILED - 40)[0m
[32m    投稿データの更新成功時[0m
  処理失敗時のテスト
    ユーザ新規登録失敗: nameを1文字にする
[32m      新規登録されない[0m
[32m      新規登録画面を表示しており、フォームの内容が正しい[0m
[32m      バリデーションエラーが表示される[0m
    ユーザのプロフィール情報編集失敗: nameを1文字にする
[32m      更新されない[0m
[32m      ユーザ編集画面を表示しており、フォームの内容が正しい[0m
[32m      バリデーションエラーが表示される[0m
    投稿データの新規投稿失敗: 投稿一覧画面から行い、titleを空にする
[31m      投稿が保存されない (FAILED - 41)[0m
[31m      投稿一覧画面を表示している (FAILED - 42)[0m
[32m      新規投稿フォームの内容が正しい[0m
[31m      バリデーションエラーが表示される (FAILED - 43)[0m
    投稿データの更新失敗: titleを空にする
[32m      投稿が更新されない[0m
[32m      投稿編集画面を表示しており、フォームの内容が正しい[0m
[32m      エラーメッセージが表示される[0m
  ログインしていない場合のアクセス制限のテスト: アクセスできず、ログイン画面に遷移する
[32m    ユーザ一覧画面[0m
[32m    ユーザ詳細画面[0m
[32m    ユーザ情報編集画面[0m
[32m    投稿一覧画面[0m
[32m    投稿詳細画面[0m
[32m    投稿編集画面[0m
  他人の画面のテスト
    他人の投稿詳細画面のテスト
      表示内容の確認
[32m        URLが正しい[0m
[32m        「Book detail」と表示される[0m
[31m        ユーザ画像・名前のリンク先が正しい (FAILED - 44)[0m
[32m        投稿のtitleが表示される[0m
[32m        投稿のopinionが表示される[0m
[32m        投稿の編集リンクが表示されない[0m
[32m        投稿の削除リンクが表示されない[0m
      サイドバーの確認
[32m        他人の名前と紹介文が表示される[0m
[31m        他人のユーザ編集画面へのリンクが存在する (FAILED - 45)[0m
[32m        自分の名前と紹介文は表示されない[0m
[31m        自分のユーザ編集画面へのリンクは存在しない (FAILED - 46)[0m
    他人の投稿編集画面
[31m      遷移できず、投稿一覧画面にリダイレクトされる (FAILED - 47)[0m
    他人のユーザ詳細画面のテスト
      表示の確認
[32m        URLが正しい[0m
[31m        投稿一覧のユーザ画像のリンク先が正しい (FAILED - 48)[0m
[32m        投稿一覧に他人の投稿のtitleが表示され、リンクが正しい[0m
[32m        投稿一覧に他人の投稿のopinionが表示される[0m
[32m        自分の投稿は表示されない[0m
      サイドバーの確認
[32m        他人の名前と紹介文が表示される[0m
[32m        他人のユーザ編集画面へのリンクが存在する[0m
[32m        自分の名前と紹介文は表示されない[0m
[32m        自分のユーザ編集画面へのリンクは存在しない[0m
    他人のユーザ情報編集画面
[31m      遷移できず、自分のユーザ詳細画面にリダイレクトされる (FAILED - 49)[0m
  グリッドシステムのテスト: container, row, col-md-〇を正しく使えている
[31m    ユーザ一覧画面 (FAILED - 50)[0m
[31m    ユーザ詳細画面 (FAILED - 51)[0m
[31m    投稿一覧画面 (FAILED - 52)[0m
[31m    投稿詳細画面 (FAILED - 53)[0m
  アイコンのテスト
    トップ画面
[31m      本のアイコンが表示される (FAILED - 54)[0m
    アバウト画面
[31m      本のアイコンが表示される (FAILED - 55)[0m
    ヘッダー: ログインしていない場合
[31m      Homeリンクのアイコンが表示される (FAILED - 56)[0m
[31m      Aboutリンクのアイコンが表示される (FAILED - 57)[0m
[31m      Sign upリンクのアイコンが表示される (FAILED - 58)[0m
[31m      Log inリンクのアイコンが表示される (FAILED - 59)[0m
    ヘッダー: ログインしている場合
[31m      Homeリンクのアイコンが表示される (FAILED - 60)[0m
[31m      Usersリンクのアイコンが表示される (FAILED - 61)[0m
[31m      Booksリンクのアイコンが表示される (FAILED - 62)[0m
[31m      Log outリンクのアイコンが表示される (FAILED - 63)[0m
    サイドバー
[31m      ユーザ一覧画面でレンチアイコンが表示される (FAILED - 64)[0m
[31m      ユーザ詳細画面でレンチアイコンが表示される (FAILED - 65)[0m
[31m      投稿一覧画面でレンチアイコンが表示される (FAILED - 66)[0m
[31m      投稿詳細画面でレンチアイコンが表示される (FAILED - 67)[0m

Failures:

  1) [STEP1] ユーザログイン前のテスト トップ画面のテスト 表示内容の確認 URLが正しい
     [31mFailure/Error: [0m[32mexpect[0m(current_path).to eq [31m[1;31m'[0m[31m/[1;31m'[0m[31m[0m[0m
     [31m[0m
     [31m  expected: "/"[0m
     [31m       got: "/users/sign_in"[0m
     [31m[0m
     [31m  (compared using ==)[0m
     [36m# ./spec/system/01_before_login_spec.rb:11:in `block (4 levels) in <main>'[0m

  2) [STEP1] ユーザログイン前のテスト トップ画面のテスト 表示内容の確認 Log inリンクが表示される: 青色のボタンの表示が「Log in」である
     [31mFailure/Error: [0m[32mexpect[0m(log_in_link).to match([35m[1;35m/[0m[35mLog in[1;35m/[0m[35m[0m)[0m
     [31m[0m
     [31m  expected "Forgot your password?" to match /Log in/[0m
     [31m  Diff:[0m[0m
     [31m  [0m[34m@@ -1 +1 @@[0m
     [31m  [0m[31m-/Log in/[0m
     [31m  [0m[32m+"Forgot your password?"[0m
     [31m  [0m[0m
     [36m# ./spec/system/01_before_login_spec.rb:15:in `block (4 levels) in <main>'[0m

  3) [STEP1] ユーザログイン前のテスト トップ画面のテスト 表示内容の確認 Log inリンクの内容が正しい
     [31mFailure/Error: [0m[32mexpect[0m(page).to have_link log_in_link, [35mhref[0m: new_user_session_path[0m
     [31m  expected to find link "Forgot your password?" with href "/users/sign_in" but there were no matches[0m
     [36m# ./spec/system/01_before_login_spec.rb:19:in `block (4 levels) in <main>'[0m

  4) [STEP1] ユーザログイン前のテスト トップ画面のテスト 表示内容の確認 Sign upリンクが表示される: 緑色のボタンの表示が「Sign up」である
     [31mFailure/Error: [0msign_up_link = find_all([31m[1;31m'[0m[31ma[1;31m'[0m[31m[0m)[[1;34m6[0m].native.inner_text[0m
     [31m[0m
     [31mNoMethodError:[0m
     [31m  undefined method `native' for nil:NilClass[0m
     [31m[0m
     [31m          sign_up_link = find_all('a')[6].native.inner_text[0m
     [31m                                         ^^^^^^^[0m
     [36m# ./spec/system/01_before_login_spec.rb:22:in `block (4 levels) in <main>'[0m

  5) [STEP1] ユーザログイン前のテスト トップ画面のテスト 表示内容の確認 Sign upリンクの内容が正しい
     [31mFailure/Error: [0msign_up_link = find_all([31m[1;31m'[0m[31ma[1;31m'[0m[31m[0m)[[1;34m6[0m].native.inner_text[0m
     [31m[0m
     [31mNoMethodError:[0m
     [31m  undefined method `native' for nil:NilClass[0m
     [31m[0m
     [31m          sign_up_link = find_all('a')[6].native.inner_text[0m
     [31m                                         ^^^^^^^[0m
     [36m# ./spec/system/01_before_login_spec.rb:26:in `block (4 levels) in <main>'[0m

  6) [STEP1] ユーザログイン前のテスト アバウト画面のテスト 表示内容の確認 URLが正しい
     [31mFailure/Error: [0mvisit [31m[1;31m'[0m[31m/home/about[1;31m'[0m[31m[0m[0m
     [31m[0m
     [31mActionController::RoutingError:[0m
     [31m  No route matches [GET] "/home/about"[0m
     [36m# /home/ec2-user/.rvm/gems/ruby-3.1.2/gems/railties-6.1.6.1/lib/rails/rack/logger.rb:37:in `call_app'[0m
     [36m# /home/ec2-user/.rvm/gems/ruby-3.1.2/gems/railties-6.1.6.1/lib/rails/rack/logger.rb:26:in `block in call'[0m
     [36m# /home/ec2-user/.rvm/gems/ruby-3.1.2/gems/railties-6.1.6.1/lib/rails/rack/logger.rb:26:in `call'[0m
     [36m# /home/ec2-user/.rvm/gems/ruby-3.1.2/gems/rack-2.2.4/lib/rack/method_override.rb:24:in `call'[0m
     [36m# /home/ec2-user/.rvm/gems/ruby-3.1.2/gems/rack-2.2.4/lib/rack/runtime.rb:22:in `call'[0m
     [36m# /home/ec2-user/.rvm/gems/ruby-3.1.2/gems/rack-2.2.4/lib/rack/sendfile.rb:110:in `call'[0m
     [36m# /home/ec2-user/.rvm/gems/ruby-3.1.2/gems/railties-6.1.6.1/lib/rails/engine.rb:539:in `call'[0m
     [36m# /home/ec2-user/.rvm/gems/ruby-3.1.2/gems/rack-2.2.4/lib/rack/urlmap.rb:74:in `block in call'[0m
     [36m# /home/ec2-user/.rvm/gems/ruby-3.1.2/gems/rack-2.2.4/lib/rack/urlmap.rb:58:in `each'[0m
     [36m# /home/ec2-user/.rvm/gems/ruby-3.1.2/gems/rack-2.2.4/lib/rack/urlmap.rb:58:in `call'[0m
     [36m# /home/ec2-user/.rvm/gems/ruby-3.1.2/gems/rack-2.2.4/lib/rack/builder.rb:244:in `call'[0m
     [36m# /home/ec2-user/.rvm/gems/ruby-3.1.2/gems/rack-test-2.0.2/lib/rack/test.rb:358:in `process_request'[0m
     [36m# /home/ec2-user/.rvm/gems/ruby-3.1.2/gems/rack-test-2.0.2/lib/rack/test.rb:165:in `custom_request'[0m
     [36m# /home/ec2-user/.rvm/gems/ruby-3.1.2/gems/rack-test-2.0.2/lib/rack/test.rb:114:in `get'[0m
     [36m# /home/ec2-user/.rvm/gems/ruby-3.1.2/gems/capybara-3.37.1/lib/capybara/rack_test/browser.rb:74:in `process'[0m
     [36m# /home/ec2-user/.rvm/gems/ruby-3.1.2/gems/capybara-3.37.1/lib/capybara/rack_test/browser.rb:49:in `process_and_follow_redirects'[0m
     [36m# /home/ec2-user/.rvm/gems/ruby-3.1.2/gems/capybara-3.37.1/lib/capybara/rack_test/browser.rb:26:in `visit'[0m
     [36m# /home/ec2-user/.rvm/gems/ruby-3.1.2/gems/capybara-3.37.1/lib/capybara/rack_test/driver.rb:46:in `visit'[0m
     [36m# /home/ec2-user/.rvm/gems/ruby-3.1.2/gems/capybara-3.37.1/lib/capybara/session.rb:278:in `visit'[0m
     [36m# /home/ec2-user/.rvm/gems/ruby-3.1.2/gems/capybara-3.37.1/lib/capybara/dsl.rb:52:in `call'[0m
     [36m# /home/ec2-user/.rvm/gems/ruby-3.1.2/gems/capybara-3.37.1/lib/capybara/dsl.rb:52:in `visit'[0m
     [36m# ./spec/system/01_before_login_spec.rb:34:in `block (3 levels) in <main>'[0m

  7) [STEP1] ユーザログイン前のテスト ヘッダーのテスト: ログインしていない場合 表示内容の確認 Bookersリンクが表示される: 左上から1番目のリンクが「Bookers」である
     [31mFailure/Error: [0m[32mexpect[0m(home_link).to match([35m[1;35m/[0m[35mBookers[1;35m/[0m[35m[0m)[0m
     [31m[0m
     [31m  expected "Home" to match /Bookers/[0m
     [31m  Diff:[0m[0m
     [31m  [0m[34m@@ -1 +1 @@[0m
     [31m  [0m[31m-/Bookers/[0m
     [31m  [0m[32m+"Home"[0m
     [31m  [0m[0m
     [36m# ./spec/system/01_before_login_spec.rb:52:in `block (4 levels) in <main>'[0m

  8) [STEP1] ユーザログイン前のテスト ヘッダーのテスト: ログインしていない場合 表示内容の確認 Homeリンクが表示される: 左上から2番目のリンクが「Home」である
     [31mFailure/Error: [0m[32mexpect[0m(home_link).to match([35m[1;35m/[0m[35mHome[1;35m/[0m[35m[0m)[0m
     [31m[0m
     [31m  expected "About" to match /Home/[0m
     [31m  Diff:[0m[0m
     [31m  [0m[34m@@ -1 +1 @@[0m
     [31m  [0m[31m-/Home/[0m
     [31m  [0m[32m+"About"[0m
     [31m  [0m[0m
     [36m# ./spec/system/01_before_login_spec.rb:56:in `block (4 levels) in <main>'[0m

  9) [STEP1] ユーザログイン前のテスト ヘッダーのテスト: ログインしていない場合 表示内容の確認 Aboutリンクが表示される: 左上から3番目のリンクが「About」である
     [31mFailure/Error: [0m[32mexpect[0m(about_link).to match([35m[1;35m/[0m[35mAbout[1;35m/[0m[35m[0m)[0m
     [31m[0m
     [31m  expected "Sign up" to match /About/[0m
     [31m  Diff:[0m[0m
     [31m  [0m[34m@@ -1 +1 @@[0m
     [31m  [0m[31m-/About/[0m
     [31m  [0m[32m+"Sign up"[0m
     [31m  [0m[0m
     [36m# ./spec/system/01_before_login_spec.rb:60:in `block (4 levels) in <main>'[0m

  10) [STEP1] ユーザログイン前のテスト ヘッダーのテスト: ログインしていない場合 表示内容の確認 Sign upリンクが表示される: 左上から4番目のリンクが「Sign up」である
      [31mFailure/Error: [0m[32mexpect[0m(signup_link).to match([35m[1;35m/[0m[35mSign up[1;35m/[0m[35m[0m)[0m
      [31m[0m
      [31m  expected "Log in" to match /Sign up/[0m
      [31m  Diff:[0m[0m
      [31m  [0m[34m@@ -1 +1 @@[0m
      [31m  [0m[31m-/Sign up/[0m
      [31m  [0m[32m+"Log in"[0m
      [31m  [0m[0m
      [36m# ./spec/system/01_before_login_spec.rb:64:in `block (4 levels) in <main>'[0m

  11) [STEP1] ユーザログイン前のテスト ヘッダーのテスト: ログインしていない場合 表示内容の確認 Log inリンクが表示される: 左上から5番目のリンクが「Log in」である
      [31mFailure/Error: [0m[32mexpect[0m(login_link).to match([35m[1;35m/[0m[35mLog in[1;35m/[0m[35m[0m)[0m
      [31m[0m
      [31m  expected "Sign up" to match /Log in/[0m
      [31m  Diff:[0m[0m
      [31m  [0m[34m@@ -1 +1 @@[0m
      [31m  [0m[31m-/Log in/[0m
      [31m  [0m[32m+"Sign up"[0m
      [31m  [0m[0m
      [36m# ./spec/system/01_before_login_spec.rb:68:in `block (4 levels) in <main>'[0m

  12) [STEP1] ユーザログイン前のテスト ヘッダーのテスト: ログインしていない場合 リンクの内容を確認 Bookersを押すと、トップ画面に遷移する
      [31mFailure/Error: [0mis_expected.to eq [31m[1;31m'[0m[31m/[1;31m'[0m[31m[0m[0m
      [31m[0m
      [31m  expected: "/"[0m
      [31m       got: "/users/sign_in"[0m
      [31m[0m
      [31m  (compared using ==)[0m
      [36m# ./spec/system/01_before_login_spec.rb:80:in `block (4 levels) in <main>'[0m

  13) [STEP1] ユーザログイン前のテスト ヘッダーのテスト: ログインしていない場合 リンクの内容を確認 Homeを押すと、トップ画面に遷移する
      [31mFailure/Error: [0mis_expected.to eq [31m[1;31m'[0m[31m/[1;31m'[0m[31m[0m[0m
      [31m[0m
      [31m  expected: "/"[0m
      [31m       got: "/users/sign_in"[0m
      [31m[0m
      [31m  (compared using ==)[0m
      [36m# ./spec/system/01_before_login_spec.rb:87:in `block (4 levels) in <main>'[0m

  14) [STEP1] ユーザログイン前のテスト ヘッダーのテスト: ログインしていない場合 リンクの内容を確認 Aboutを押すと、アバウト画面に遷移する
      [31mFailure/Error: [0mclick_link about_link[0m
      [31m[0m
      [31mCapybara::Ambiguous:[0m
      [31m  Ambiguous match, found 2 elements matching visible link "Sign up"[0m
      [36m# /home/ec2-user/.rvm/gems/ruby-3.1.2/gems/capybara-3.37.1/lib/capybara/node/finders.rb:308:in `block in synced_resolve'[0m
      [36m# /home/ec2-user/.rvm/gems/ruby-3.1.2/gems/capybara-3.37.1/lib/capybara/node/base.rb:83:in `synchronize'[0m
      [36m# /home/ec2-user/.rvm/gems/ruby-3.1.2/gems/capybara-3.37.1/lib/capybara/node/finders.rb:299:in `synced_resolve'[0m
      [36m# /home/ec2-user/.rvm/gems/ruby-3.1.2/gems/capybara-3.37.1/lib/capybara/node/finders.rb:60:in `find'[0m
      [36m# /home/ec2-user/.rvm/gems/ruby-3.1.2/gems/capybara-3.37.1/lib/capybara/node/actions.rb:42:in `click_link'[0m
      [36m# /home/ec2-user/.rvm/gems/ruby-3.1.2/gems/capybara-3.37.1/lib/capybara/session.rb:771:in `click_link'[0m
      [36m# /home/ec2-user/.rvm/gems/ruby-3.1.2/gems/capybara-3.37.1/lib/capybara/dsl.rb:52:in `call'[0m
      [36m# /home/ec2-user/.rvm/gems/ruby-3.1.2/gems/capybara-3.37.1/lib/capybara/dsl.rb:52:in `click_link'[0m
      [36m# ./spec/system/01_before_login_spec.rb:92:in `block (4 levels) in <main>'[0m

  15) [STEP1] ユーザログイン前のテスト ヘッダーのテスト: ログインしていない場合 リンクの内容を確認 Sign upを押すと、新規登録画面に遷移する
      [31mFailure/Error: [0mis_expected.to eq [31m[1;31m'[0m[31m/users/sign_up[1;31m'[0m[31m[0m[0m
      [31m[0m
      [31m  expected: "/users/sign_up"[0m
      [31m       got: "/users/sign_in"[0m
      [31m[0m
      [31m  (compared using ==)[0m
      [36m# ./spec/system/01_before_login_spec.rb:99:in `block (4 levels) in <main>'[0m

  16) [STEP1] ユーザログイン前のテスト ヘッダーのテスト: ログインしていない場合 リンクの内容を確認 Log inを押すと、ログイン画面に遷移する
      [31mFailure/Error: [0mis_expected.to eq [31m[1;31m'[0m[31m/users/sign_in[1;31m'[0m[31m[0m[0m
      [31m[0m
      [31m  expected: "/users/sign_in"[0m
      [31m       got: "/users/sign_up"[0m
      [31m[0m
      [31m  (compared using ==)[0m
      [36m# ./spec/system/01_before_login_spec.rb:105:in `block (4 levels) in <main>'[0m

  17) [STEP1] ユーザログイン前のテスト ユーザ新規登録のテスト 新規登録成功のテスト 新規登録後のリダイレクト先が、新規登録できたユーザの詳細画面になっている
      [31mFailure/Error: [0m[32mexpect[0m(current_path).to eq [31m[1;31m'[0m[31m/users/[1;31m'[0m[31m[0m + [1;34;4mUser[0m.last.id.to_s[0m
      [31m[0m
      [31m  expected: "/users/1"[0m
      [31m       got: "/books"[0m
      [31m[0m
      [31m  (compared using ==)[0m
      [36m# ./spec/system/01_before_login_spec.rb:152:in `block (4 levels) in <main>'[0m

  18) [STEP1] ユーザログイン前のテスト ユーザログイン ログイン成功のテスト ログイン後のリダイレクト先が、ログインしたユーザの詳細画面になっている
      [31mFailure/Error: [0m[32mexpect[0m(current_path).to eq [31m[1;31m'[0m[31m/users/[1;31m'[0m[31m[0m + user.id.to_s[0m
      [31m[0m
      [31m  expected: "/users/1"[0m
      [31m       got: "/books"[0m
      [31m[0m
      [31m  (compared using ==)[0m
      [36m# ./spec/system/01_before_login_spec.rb:193:in `block (4 levels) in <main>'[0m

  19) [STEP1] ユーザログイン前のテスト ヘッダーのテスト: ログインしている場合 ヘッダーの表示を確認 Bookersリンクが表示される: 左上から1番目のリンクが「Bookers」である
      [31mFailure/Error: [0m[32mexpect[0m(home_link).to match([35m[1;35m/[0m[35mBookers[1;35m/[0m[35m[0m)[0m
      [31m[0m
      [31m  expected "Home" to match /Bookers/[0m
      [31m  Diff:[0m[0m
      [31m  [0m[34m@@ -1 +1 @@[0m
      [31m  [0m[31m-/Bookers/[0m
      [31m  [0m[32m+"Home"[0m
      [31m  [0m[0m
      [36m# ./spec/system/01_before_login_spec.rb:223:in `block (4 levels) in <main>'[0m

  20) [STEP1] ユーザログイン前のテスト ヘッダーのテスト: ログインしている場合 ヘッダーの表示を確認 Homeリンクが表示される: 左上から2番目のリンクが「Home」である
      [31mFailure/Error: [0m[32mexpect[0m(home_link).to match([35m[1;35m/[0m[35mHome[1;35m/[0m[35m[0m)[0m
      [31m[0m
      [31m  expected "Users" to match /Home/[0m
      [31m  Diff:[0m[0m
      [31m  [0m[34m@@ -1 +1 @@[0m
      [31m  [0m[31m-/Home/[0m
      [31m  [0m[32m+"Users"[0m
      [31m  [0m[0m
      [36m# ./spec/system/01_before_login_spec.rb:227:in `block (4 levels) in <main>'[0m

  21) [STEP1] ユーザログイン前のテスト ヘッダーのテスト: ログインしている場合 ヘッダーの表示を確認 Usersリンクが表示される: 左上から3番目のリンクが「Users」である
      [31mFailure/Error: [0m[32mexpect[0m(users_link).to match([35m[1;35m/[0m[35mUsers[1;35m/[0m[35m[0m)[0m
      [31m[0m
      [31m  expected "Books" to match /Users/[0m
      [31m  Diff:[0m[0m
      [31m  [0m[34m@@ -1 +1 @@[0m
      [31m  [0m[31m-/Users/[0m
      [31m  [0m[32m+"Books"[0m
      [31m  [0m[0m
      [36m# ./spec/system/01_before_login_spec.rb:231:in `block (4 levels) in <main>'[0m

  22) [STEP1] ユーザログイン前のテスト ヘッダーのテスト: ログインしている場合 ヘッダーの表示を確認 Booksリンクが表示される: 左上から4番目のリンクが「Books」である
      [31mFailure/Error: [0m[32mexpect[0m(books_link).to match([35m[1;35m/[0m[35mBooks[1;35m/[0m[35m[0m)[0m
      [31m[0m
      [31m  expected "Log out" to match /Books/[0m
      [31m  Diff:[0m[0m
      [31m  [0m[34m@@ -1 +1 @@[0m
      [31m  [0m[31m-/Books/[0m
      [31m  [0m[32m+"Log out"[0m
      [31m  [0m[0m
      [36m# ./spec/system/01_before_login_spec.rb:235:in `block (4 levels) in <main>'[0m

  23) [STEP1] ユーザログイン前のテスト ヘッダーのテスト: ログインしている場合 ヘッダーの表示を確認 Log outリンクが表示される: 左上から5番目のリンクが「Log out」である
      [31mFailure/Error: [0m[32mexpect[0m(logout_link).to match([35m[1;35m/[0m[35mLog out[1;35m/[0m[35m[0m)[0m
      [31m[0m
      [31m  expected "（アイコン）編集ページ" to match /Log out/[0m
      [31m  Diff:[0m[0m
      [31m  [0m[34m@@ -1 +1 @@[0m
      [31m  [0m[31m-/Log out/[0m
      [31m  [0m[32m+"（アイコン）編集ページ"[0m
      [31m  [0m[0m
      [36m# ./spec/system/01_before_login_spec.rb:239:in `block (4 levels) in <main>'[0m

  24) [STEP1] ユーザログイン前のテスト ユーザログアウトのテスト ログアウト機能のテスト 正しくログアウトできている: ログアウト後のリダイレクト先においてAbout画面へのリンクが存在する
      [31mFailure/Error: [0m[32mexpect[0m(page).to have_link [31m[1;31m'[0m[31m[1;31m'[0m[31m[0m, [35mhref[0m: [31m[1;31m'[0m[31m/home/about[1;31m'[0m[31m[0m[0m
      [31m  expected to find link "" with href "/home/about" but there were no matches[0m
      [36m# ./spec/system/01_before_login_spec.rb:259:in `block (4 levels) in <main>'[0m

  25) [STEP1] ユーザログイン前のテスト ユーザログアウトのテスト ログアウト機能のテスト ログアウト後のリダイレクト先が、トップになっている
      [31mFailure/Error: [0m[32mexpect[0m(current_path).to eq [31m[1;31m'[0m[31m/[1;31m'[0m[31m[0m[0m
      [31m[0m
      [31m  expected: "/"[0m
      [31m       got: "/users/1/edit"[0m
      [31m[0m
      [31m  (compared using ==)[0m
      [36m# ./spec/system/01_before_login_spec.rb:262:in `block (4 levels) in <main>'[0m

  26) [STEP2] ユーザログイン後のテスト ヘッダーのテスト: ログインしている場合 リンクの内容を確認: ※logoutは『ユーザログアウトのテスト』でテスト済みになります。 Homeを押すと、自分のユーザ詳細画面に遷移する
      [31mFailure/Error: [0mis_expected.to eq [31m[1;31m'[0m[31m/users/[1;31m'[0m[31m[0m + user.id.to_s[0m
      [31m[0m
      [31m  expected: "/users/2"[0m
      [31m       got: "/users"[0m
      [31m[0m
      [31m  (compared using ==)[0m
      [36m# ./spec/system/02_after_login_spec.rb:24:in `block (4 levels) in <main>'[0m

  27) [STEP2] ユーザログイン後のテスト ヘッダーのテスト: ログインしている場合 リンクの内容を確認: ※logoutは『ユーザログアウトのテスト』でテスト済みになります。 Usersを押すと、ユーザ一覧画面に遷移する
      [31mFailure/Error: [0mis_expected.to eq [31m[1;31m'[0m[31m/users[1;31m'[0m[31m[0m[0m
      [31m[0m
      [31m  expected: "/users"[0m
      [31m       got: "/books"[0m
      [31m[0m
      [31m  (compared using ==)[0m
      [36m# ./spec/system/02_after_login_spec.rb:30:in `block (4 levels) in <main>'[0m

  28) [STEP2] ユーザログイン後のテスト ヘッダーのテスト: ログインしている場合 リンクの内容を確認: ※logoutは『ユーザログアウトのテスト』でテスト済みになります。 Booksを押すと、投稿一覧画面に遷移する
      [31mFailure/Error: [0mis_expected.to eq [31m[1;31m'[0m[31m/books[1;31m'[0m[31m[0m[0m
      [31m[0m
      [31m  expected: "/books"[0m
      [31m       got: "/users/sign_in"[0m
      [31m[0m
      [31m  (compared using ==)[0m
      [36m# ./spec/system/02_after_login_spec.rb:36:in `block (4 levels) in <main>'[0m

  29) [STEP2] ユーザログイン後のテスト 投稿一覧画面のテスト 表示内容の確認 自分の投稿と他人の投稿のタイトルのリンク先がそれぞれ正しい
      [31mFailure/Error: [0m[32mexpect[0m(page).to have_link book.title, [35mhref[0m: book_path(book)[0m
      [31m  expected to find link "0xn3u" with href "/books/1" but there were no matches[0m
      [36m# ./spec/system/02_after_login_spec.rb:55:in `block (4 levels) in <main>'[0m

  30) [STEP2] ユーザログイン後のテスト 投稿一覧画面のテスト サイドバーの確認 Create Bookボタンが表示される
      [31mFailure/Error: [0m[32mexpect[0m(page).to have_button [31m[1;31m'[0m[31mCreate Book[1;31m'[0m[31m[0m[0m
      [31m  expected to find button "Create Book" that is not disabled but there were no matches[0m
      [36m# ./spec/system/02_after_login_spec.rb:88:in `block (4 levels) in <main>'[0m

  31) [STEP2] ユーザログイン後のテスト 投稿一覧画面のテスト 投稿成功のテスト 自分の新しい投稿が正しく保存される
      [31mFailure/Error: [0m[32mexpect[0m { click_button [31m[1;31m'[0m[31mCreate Book[1;31m'[0m[31m[0m }.to change(user.books, [33m:count[0m).by([1;34m1[0m)[0m
      [31m[0m
      [31mCapybara::ElementNotFound:[0m
      [31m  Unable to find button "Create Book" that is not disabled[0m
      [36m# /home/ec2-user/.rvm/gems/ruby-3.1.2/gems/capybara-3.37.1/lib/capybara/node/finders.rb:310:in `block in synced_resolve'[0m
      [36m# /home/ec2-user/.rvm/gems/ruby-3.1.2/gems/capybara-3.37.1/lib/capybara/node/base.rb:83:in `synchronize'[0m
      [36m# /home/ec2-user/.rvm/gems/ruby-3.1.2/gems/capybara-3.37.1/lib/capybara/node/finders.rb:299:in `synced_resolve'[0m
      [36m# /home/ec2-user/.rvm/gems/ruby-3.1.2/gems/capybara-3.37.1/lib/capybara/node/finders.rb:60:in `find'[0m
      [36m# /home/ec2-user/.rvm/gems/ruby-3.1.2/gems/capybara-3.37.1/lib/capybara/node/actions.rb:58:in `click_button'[0m
      [36m# /home/ec2-user/.rvm/gems/ruby-3.1.2/gems/capybara-3.37.1/lib/capybara/session.rb:771:in `click_button'[0m
      [36m# /home/ec2-user/.rvm/gems/ruby-3.1.2/gems/capybara-3.37.1/lib/capybara/dsl.rb:52:in `call'[0m
      [36m# /home/ec2-user/.rvm/gems/ruby-3.1.2/gems/capybara-3.37.1/lib/capybara/dsl.rb:52:in `click_button'[0m
      [36m# ./spec/system/02_after_login_spec.rb:99:in `block (5 levels) in <main>'[0m
      [36m# ./spec/system/02_after_login_spec.rb:99:in `block (4 levels) in <main>'[0m

  32) [STEP2] ユーザログイン後のテスト 投稿一覧画面のテスト 投稿成功のテスト リダイレクト先が、保存できた投稿の詳細画面になっている
      [31mFailure/Error: [0mclick_button [31m[1;31m'[0m[31mCreate Book[1;31m'[0m[31m[0m[0m
      [31m[0m
      [31mCapybara::ElementNotFound:[0m
      [31m  Unable to find button "Create Book" that is not disabled[0m
      [36m# /home/ec2-user/.rvm/gems/ruby-3.1.2/gems/capybara-3.37.1/lib/capybara/node/finders.rb:310:in `block in synced_resolve'[0m
      [36m# /home/ec2-user/.rvm/gems/ruby-3.1.2/gems/capybara-3.37.1/lib/capybara/node/base.rb:83:in `synchronize'[0m
      [36m# /home/ec2-user/.rvm/gems/ruby-3.1.2/gems/capybara-3.37.1/lib/capybara/node/finders.rb:299:in `synced_resolve'[0m
      [36m# /home/ec2-user/.rvm/gems/ruby-3.1.2/gems/capybara-3.37.1/lib/capybara/node/finders.rb:60:in `find'[0m
      [36m# /home/ec2-user/.rvm/gems/ruby-3.1.2/gems/capybara-3.37.1/lib/capybara/node/actions.rb:58:in `click_button'[0m
      [36m# /home/ec2-user/.rvm/gems/ruby-3.1.2/gems/capybara-3.37.1/lib/capybara/session.rb:771:in `click_button'[0m
      [36m# /home/ec2-user/.rvm/gems/ruby-3.1.2/gems/capybara-3.37.1/lib/capybara/dsl.rb:52:in `call'[0m
      [36m# /home/ec2-user/.rvm/gems/ruby-3.1.2/gems/capybara-3.37.1/lib/capybara/dsl.rb:52:in `click_button'[0m
      [36m# ./spec/system/02_after_login_spec.rb:102:in `block (4 levels) in <main>'[0m

  33) [STEP2] ユーザログイン後のテスト 自分の投稿詳細画面のテスト 表示内容の確認 ユーザ画像・名前のリンク先が正しい
      [31mFailure/Error: [0m[32mexpect[0m(page).to have_link book.user.name, [35mhref[0m: user_path(book.user)[0m
      [31m  expected to find link "nj49xhomt9" with href "/users/2" but there were no matches[0m
      [36m# ./spec/system/02_after_login_spec.rb:121:in `block (4 levels) in <main>'[0m

  34) [STEP2] ユーザログイン後のテスト 自分の投稿詳細画面のテスト サイドバーの確認 Create Bookボタンが表示される
      [31mFailure/Error: [0m[32mexpect[0m(page).to have_button [31m[1;31m'[0m[31mCreate Book[1;31m'[0m[31m[0m[0m
      [31m  expected to find button "Create Book" that is not disabled but there were no matches[0m
      [36m# ./spec/system/02_after_login_spec.rb:161:in `block (4 levels) in <main>'[0m

  35) [STEP2] ユーザログイン後のテスト 自分の投稿詳細画面のテスト 投稿成功のテスト 自分の新しい投稿が正しく保存される
      [31mFailure/Error: [0m[32mexpect[0m { click_button [31m[1;31m'[0m[31mCreate Book[1;31m'[0m[31m[0m }.to change(user.books, [33m:count[0m).by([1;34m1[0m)[0m
      [31m[0m
      [31mCapybara::ElementNotFound:[0m
      [31m  Unable to find button "Create Book" that is not disabled[0m
      [36m# /home/ec2-user/.rvm/gems/ruby-3.1.2/gems/capybara-3.37.1/lib/capybara/node/finders.rb:310:in `block in synced_resolve'[0m
      [36m# /home/ec2-user/.rvm/gems/ruby-3.1.2/gems/capybara-3.37.1/lib/capybara/node/base.rb:83:in `synchronize'[0m
      [36m# /home/ec2-user/.rvm/gems/ruby-3.1.2/gems/capybara-3.37.1/lib/capybara/node/finders.rb:299:in `synced_resolve'[0m
      [36m# /home/ec2-user/.rvm/gems/ruby-3.1.2/gems/capybara-3.37.1/lib/capybara/node/finders.rb:60:in `find'[0m
      [36m# /home/ec2-user/.rvm/gems/ruby-3.1.2/gems/capybara-3.37.1/lib/capybara/node/actions.rb:58:in `click_button'[0m
      [36m# /home/ec2-user/.rvm/gems/ruby-3.1.2/gems/capybara-3.37.1/lib/capybara/session.rb:771:in `click_button'[0m
      [36m# /home/ec2-user/.rvm/gems/ruby-3.1.2/gems/capybara-3.37.1/lib/capybara/dsl.rb:52:in `call'[0m
      [36m# /home/ec2-user/.rvm/gems/ruby-3.1.2/gems/capybara-3.37.1/lib/capybara/dsl.rb:52:in `click_button'[0m
      [36m# ./spec/system/02_after_login_spec.rb:172:in `block (5 levels) in <main>'[0m
      [36m# ./spec/system/02_after_login_spec.rb:172:in `block (4 levels) in <main>'[0m

  36) [STEP2] ユーザログイン後のテスト ユーザ一覧画面のテスト サイドバーの確認 Create Bookボタンが表示される
      [31mFailure/Error: [0m[32mexpect[0m(page).to have_button [31m[1;31m'[0m[31mCreate Book[1;31m'[0m[31m[0m[0m
      [31m  expected to find button "Create Book" that is not disabled but there were no matches[0m
      [36m# ./spec/system/02_after_login_spec.rb:304:in `block (4 levels) in <main>'[0m

  37) [STEP2] ユーザログイン後のテスト 自分のユーザ詳細画面のテスト サイドバーの確認 Create Bookボタンが表示される
      [31mFailure/Error: [0m[32mexpect[0m(page).to have_button [31m[1;31m'[0m[31mCreate Book[1;31m'[0m[31m[0m[0m
      [31m  expected to find button "Create Book" that is not disabled but there were no matches[0m
      [36m# ./spec/system/02_after_login_spec.rb:358:in `block (4 levels) in <main>'[0m

  38) [STEP2] ユーザログイン後のテスト 自分のユーザ情報編集画面のテスト 更新成功のテスト リダイレクト先が、自分のユーザ詳細画面になっている
      [31mFailure/Error: [0m[32mexpect[0m(current_path).to eq [31m[1;31m'[0m[31m/users/[1;31m'[0m[31m[0m + user.id.to_s[0m
      [31m[0m
      [31m  expected: "/users/2"[0m
      [31m       got: "/books"[0m
      [31m[0m
      [31m  (compared using ==)[0m
      [36m# ./spec/system/02_after_login_spec.rb:404:in `block (4 levels) in <main>'[0m

  39) [STEP3] 仕上げのテスト サクセスメッセージのテスト ユーザログアウト成功時
      [31mFailure/Error: [0mis_expected.to have_content [31m[1;31m'[0m[31msuccessfully[1;31m'[0m[31m[0m[0m
      [31m  expected to find text "successfully" in "Home Users Books Log out\nUser info\nName Image Introduction 8oapk5yb3vmqs2h3yla8\nCopyRight Infratop.inc"[0m
      [36m# ./spec/system/03_finishing_touches_spec.rb:36:in `block (3 levels) in <main>'[0m

  40) [STEP3] 仕上げのテスト サクセスメッセージのテスト 投稿データの新規投稿成功時: 投稿一覧画面から行います。
      [31mFailure/Error: [0mclick_button [31m[1;31m'[0m[31mCreate Book[1;31m'[0m[31m[0m[0m
      [31m[0m
      [31mCapybara::ElementNotFound:[0m
      [31m  Unable to find button "Create Book" that is not disabled[0m
      [36m# /home/ec2-user/.rvm/gems/ruby-3.1.2/gems/capybara-3.37.1/lib/capybara/node/finders.rb:310:in `block in synced_resolve'[0m
      [36m# /home/ec2-user/.rvm/gems/ruby-3.1.2/gems/capybara-3.37.1/lib/capybara/node/base.rb:83:in `synchronize'[0m
      [36m# /home/ec2-user/.rvm/gems/ruby-3.1.2/gems/capybara-3.37.1/lib/capybara/node/finders.rb:299:in `synced_resolve'[0m
      [36m# /home/ec2-user/.rvm/gems/ruby-3.1.2/gems/capybara-3.37.1/lib/capybara/node/finders.rb:60:in `find'[0m
      [36m# /home/ec2-user/.rvm/gems/ruby-3.1.2/gems/capybara-3.37.1/lib/capybara/node/actions.rb:58:in `click_button'[0m
      [36m# /home/ec2-user/.rvm/gems/ruby-3.1.2/gems/capybara-3.37.1/lib/capybara/session.rb:771:in `click_button'[0m
      [36m# /home/ec2-user/.rvm/gems/ruby-3.1.2/gems/capybara-3.37.1/lib/capybara/dsl.rb:52:in `call'[0m
      [36m# /home/ec2-user/.rvm/gems/ruby-3.1.2/gems/capybara-3.37.1/lib/capybara/dsl.rb:52:in `click_button'[0m
      [36m# ./spec/system/03_finishing_touches_spec.rb:55:in `block (3 levels) in <main>'[0m

  41) [STEP3] 仕上げのテスト 処理失敗時のテスト 投稿データの新規投稿失敗: 投稿一覧画面から行い、titleを空にする 投稿が保存されない
      [31mFailure/Error: [0m[32mexpect[0m { click_button [31m[1;31m'[0m[31mCreate Book[1;31m'[0m[31m[0m }.not_to change([1;34;4mBook[0m.all, [33m:count[0m)[0m
      [31m[0m
      [31mCapybara::ElementNotFound:[0m
      [31m  Unable to find button "Create Book" that is not disabled[0m
      [36m# /home/ec2-user/.rvm/gems/ruby-3.1.2/gems/capybara-3.37.1/lib/capybara/node/finders.rb:310:in `block in synced_resolve'[0m
      [36m# /home/ec2-user/.rvm/gems/ruby-3.1.2/gems/capybara-3.37.1/lib/capybara/node/base.rb:83:in `synchronize'[0m
      [36m# /home/ec2-user/.rvm/gems/ruby-3.1.2/gems/capybara-3.37.1/lib/capybara/node/finders.rb:299:in `synced_resolve'[0m
      [36m# /home/ec2-user/.rvm/gems/ruby-3.1.2/gems/capybara-3.37.1/lib/capybara/node/finders.rb:60:in `find'[0m
      [36m# /home/ec2-user/.rvm/gems/ruby-3.1.2/gems/capybara-3.37.1/lib/capybara/node/actions.rb:58:in `click_button'[0m
      [36m# /home/ec2-user/.rvm/gems/ruby-3.1.2/gems/capybara-3.37.1/lib/capybara/session.rb:771:in `click_button'[0m
      [36m# /home/ec2-user/.rvm/gems/ruby-3.1.2/gems/capybara-3.37.1/lib/capybara/dsl.rb:52:in `call'[0m
      [36m# /home/ec2-user/.rvm/gems/ruby-3.1.2/gems/capybara-3.37.1/lib/capybara/dsl.rb:52:in `click_button'[0m
      [36m# ./spec/system/03_finishing_touches_spec.rb:132:in `block (5 levels) in <main>'[0m
      [36m# ./spec/system/03_finishing_touches_spec.rb:132:in `block (4 levels) in <main>'[0m

  42) [STEP3] 仕上げのテスト 処理失敗時のテスト 投稿データの新規投稿失敗: 投稿一覧画面から行い、titleを空にする 投稿一覧画面を表示している
      [31mFailure/Error: [0mclick_button [31m[1;31m'[0m[31mCreate Book[1;31m'[0m[31m[0m[0m
      [31m[0m
      [31mCapybara::ElementNotFound:[0m
      [31m  Unable to find button "Create Book" that is not disabled[0m
      [36m# /home/ec2-user/.rvm/gems/ruby-3.1.2/gems/capybara-3.37.1/lib/capybara/node/finders.rb:310:in `block in synced_resolve'[0m
      [36m# /home/ec2-user/.rvm/gems/ruby-3.1.2/gems/capybara-3.37.1/lib/capybara/node/base.rb:83:in `synchronize'[0m
      [36m# /home/ec2-user/.rvm/gems/ruby-3.1.2/gems/capybara-3.37.1/lib/capybara/node/finders.rb:299:in `synced_resolve'[0m
      [36m# /home/ec2-user/.rvm/gems/ruby-3.1.2/gems/capybara-3.37.1/lib/capybara/node/finders.rb:60:in `find'[0m
      [36m# /home/ec2-user/.rvm/gems/ruby-3.1.2/gems/capybara-3.37.1/lib/capybara/node/actions.rb:58:in `click_button'[0m
      [36m# /home/ec2-user/.rvm/gems/ruby-3.1.2/gems/capybara-3.37.1/lib/capybara/session.rb:771:in `click_button'[0m
      [36m# /home/ec2-user/.rvm/gems/ruby-3.1.2/gems/capybara-3.37.1/lib/capybara/dsl.rb:52:in `call'[0m
      [36m# /home/ec2-user/.rvm/gems/ruby-3.1.2/gems/capybara-3.37.1/lib/capybara/dsl.rb:52:in `click_button'[0m
      [36m# ./spec/system/03_finishing_touches_spec.rb:135:in `block (4 levels) in <main>'[0m

  43) [STEP3] 仕上げのテスト 処理失敗時のテスト 投稿データの新規投稿失敗: 投稿一覧画面から行い、titleを空にする バリデーションエラーが表示される
      [31mFailure/Error: [0mclick_button [31m[1;31m'[0m[31mCreate Book[1;31m'[0m[31m[0m[0m
      [31m[0m
      [31mCapybara::ElementNotFound:[0m
      [31m  Unable to find button "Create Book" that is not disabled[0m
      [36m# /home/ec2-user/.rvm/gems/ruby-3.1.2/gems/capybara-3.37.1/lib/capybara/node/finders.rb:310:in `block in synced_resolve'[0m
      [36m# /home/ec2-user/.rvm/gems/ruby-3.1.2/gems/capybara-3.37.1/lib/capybara/node/base.rb:83:in `synchronize'[0m
      [36m# /home/ec2-user/.rvm/gems/ruby-3.1.2/gems/capybara-3.37.1/lib/capybara/node/finders.rb:299:in `synced_resolve'[0m
      [36m# /home/ec2-user/.rvm/gems/ruby-3.1.2/gems/capybara-3.37.1/lib/capybara/node/finders.rb:60:in `find'[0m
      [36m# /home/ec2-user/.rvm/gems/ruby-3.1.2/gems/capybara-3.37.1/lib/capybara/node/actions.rb:58:in `click_button'[0m
      [36m# /home/ec2-user/.rvm/gems/ruby-3.1.2/gems/capybara-3.37.1/lib/capybara/session.rb:771:in `click_button'[0m
      [36m# /home/ec2-user/.rvm/gems/ruby-3.1.2/gems/capybara-3.37.1/lib/capybara/dsl.rb:52:in `call'[0m
      [36m# /home/ec2-user/.rvm/gems/ruby-3.1.2/gems/capybara-3.37.1/lib/capybara/dsl.rb:52:in `click_button'[0m
      [36m# ./spec/system/03_finishing_touches_spec.rb:145:in `block (4 levels) in <main>'[0m

  44) [STEP3] 仕上げのテスト 他人の画面のテスト 他人の投稿詳細画面のテスト 表示内容の確認 ユーザ画像・名前のリンク先が正しい
      [31mFailure/Error: [0m[32mexpect[0m(page).to have_link other_book.user.name, [35mhref[0m: user_path(other_book.user)[0m
      [31m  expected to find link "z4z33vut8q" with href "/users/1" but there were no matches[0m
      [36m# ./spec/system/03_finishing_touches_spec.rb:226:in `block (5 levels) in <main>'[0m

  45) [STEP3] 仕上げのテスト 他人の画面のテスト 他人の投稿詳細画面のテスト サイドバーの確認 他人のユーザ編集画面へのリンクが存在する
      [31mFailure/Error: [0m[32mexpect[0m(page).to have_link [31m[1;31m'[0m[31m[1;31m'[0m[31m[0m, [35mhref[0m: edit_user_path(other_user)[0m
      [31m  expected to find link "" with href "/users/1/edit" but there were no matches[0m
      [36m# ./spec/system/03_finishing_touches_spec.rb:248:in `block (5 levels) in <main>'[0m

  46) [STEP3] 仕上げのテスト 他人の画面のテスト 他人の投稿詳細画面のテスト サイドバーの確認 自分のユーザ編集画面へのリンクは存在しない
      [31mFailure/Error: [0m[32mexpect[0m(page).not_to have_link [31m[1;31m'[0m[31m[1;31m'[0m[31m[0m, [35mhref[0m: edit_user_path(user)[0m
      [31m  expected not to find visible link "" with href "/users/2/edit", found 1 match: "（アイコン）編集ページ"[0m
      [36m# ./spec/system/03_finishing_touches_spec.rb:255:in `block (5 levels) in <main>'[0m

  47) [STEP3] 仕上げのテスト 他人の画面のテスト 他人の投稿編集画面 遷移できず、投稿一覧画面にリダイレクトされる
      [31mFailure/Error: [0m[32mexpect[0m(current_path).to eq [31m[1;31m'[0m[31m/books[1;31m'[0m[31m[0m[0m
      [31m[0m
      [31m  expected: "/books"[0m
      [31m       got: "/books/2/edit"[0m
      [31m[0m
      [31m  (compared using ==)[0m
      [36m# ./spec/system/03_finishing_touches_spec.rb:263:in `block (4 levels) in <main>'[0m

  48) [STEP3] 仕上げのテスト 他人の画面のテスト 他人のユーザ詳細画面のテスト 表示の確認 投稿一覧のユーザ画像のリンク先が正しい
      [31mFailure/Error: [0m[32mexpect[0m(page).to have_link [31m[1;31m'[0m[31m[1;31m'[0m[31m[0m, [35mhref[0m: user_path(other_user)[0m
      [31m  expected to find link "" with href "/users/1" but there were no matches[0m
      [36m# ./spec/system/03_finishing_touches_spec.rb:277:in `block (5 levels) in <main>'[0m

  49) [STEP3] 仕上げのテスト 他人の画面のテスト 他人のユーザ情報編集画面 遷移できず、自分のユーザ詳細画面にリダイレクトされる
      [31mFailure/Error: [0m[32mexpect[0m(current_path).to eq [31m[1;31m'[0m[31m/users/[1;31m'[0m[31m[0m + user.id.to_s[0m
      [31m[0m
      [31m  expected: "/users/2"[0m
      [31m       got: "/users/1/edit"[0m
      [31m[0m
      [31m  (compared using ==)[0m
      [36m# ./spec/system/03_finishing_touches_spec.rb:312:in `block (4 levels) in <main>'[0m

  50) [STEP3] 仕上げのテスト グリッドシステムのテスト: container, row, col-md-〇を正しく使えている ユーザ一覧画面
      [31mFailure/Error: [0mis_expected.to have_selector [31m[1;31m'[0m[31m.container .row .col-md-3[1;31m'[0m[31m[0m[0m
      [31m  expected to find css ".container .row .col-md-3" but there were no matches[0m
      [36m# ./spec/system/03_finishing_touches_spec.rb:329:in `block (3 levels) in <main>'[0m

  51) [STEP3] 仕上げのテスト グリッドシステムのテスト: container, row, col-md-〇を正しく使えている ユーザ詳細画面
      [31mFailure/Error: [0mis_expected.to have_selector [31m[1;31m'[0m[31m.container .row .col-md-3[1;31m'[0m[31m[0m[0m
      [31m  expected to find css ".container .row .col-md-3" but there were no matches[0m
      [36m# ./spec/system/03_finishing_touches_spec.rb:334:in `block (3 levels) in <main>'[0m

  52) [STEP3] 仕上げのテスト グリッドシステムのテスト: container, row, col-md-〇を正しく使えている 投稿一覧画面
      [31mFailure/Error: [0mis_expected.to have_selector [31m[1;31m'[0m[31m.container .row .col-md-3[1;31m'[0m[31m[0m[0m
      [31m  expected to find css ".container .row .col-md-3" but there were no matches[0m
      [36m# ./spec/system/03_finishing_touches_spec.rb:339:in `block (3 levels) in <main>'[0m

  53) [STEP3] 仕上げのテスト グリッドシステムのテスト: container, row, col-md-〇を正しく使えている 投稿詳細画面
      [31mFailure/Error: [0mis_expected.to have_selector [31m[1;31m'[0m[31m.container .row .col-md-3[1;31m'[0m[31m[0m[0m
      [31m  expected to find css ".container .row .col-md-3" but there were no matches[0m
      [36m# ./spec/system/03_finishing_touches_spec.rb:344:in `block (3 levels) in <main>'[0m

  54) [STEP3] 仕上げのテスト アイコンのテスト トップ画面 本のアイコンが表示される
      [31mFailure/Error: [0mis_expected.to have_selector [31m[1;31m'[0m[31m.fas.fa-book[1;31m'[0m[31m[0m[0m
      [31m  expected to find css ".fas.fa-book" but there were no matches[0m
      [36m# ./spec/system/03_finishing_touches_spec.rb:358:in `block (4 levels) in <main>'[0m

  55) [STEP3] 仕上げのテスト アイコンのテスト アバウト画面 本のアイコンが表示される
      [31mFailure/Error: [0mvisit [31m[1;31m'[0m[31m/home/about[1;31m'[0m[31m[0m[0m
      [31m[0m
      [31mActionController::RoutingError:[0m
      [31m  No route matches [GET] "/home/about"[0m
      [36m# /home/ec2-user/.rvm/gems/ruby-3.1.2/gems/railties-6.1.6.1/lib/rails/rack/logger.rb:37:in `call_app'[0m
      [36m# /home/ec2-user/.rvm/gems/ruby-3.1.2/gems/railties-6.1.6.1/lib/rails/rack/logger.rb:26:in `block in call'[0m
      [36m# /home/ec2-user/.rvm/gems/ruby-3.1.2/gems/railties-6.1.6.1/lib/rails/rack/logger.rb:26:in `call'[0m
      [36m# /home/ec2-user/.rvm/gems/ruby-3.1.2/gems/rack-2.2.4/lib/rack/method_override.rb:24:in `call'[0m
      [36m# /home/ec2-user/.rvm/gems/ruby-3.1.2/gems/rack-2.2.4/lib/rack/runtime.rb:22:in `call'[0m
      [36m# /home/ec2-user/.rvm/gems/ruby-3.1.2/gems/rack-2.2.4/lib/rack/sendfile.rb:110:in `call'[0m
      [36m# /home/ec2-user/.rvm/gems/ruby-3.1.2/gems/railties-6.1.6.1/lib/rails/engine.rb:539:in `call'[0m
      [36m# /home/ec2-user/.rvm/gems/ruby-3.1.2/gems/rack-2.2.4/lib/rack/urlmap.rb:74:in `block in call'[0m
      [36m# /home/ec2-user/.rvm/gems/ruby-3.1.2/gems/rack-2.2.4/lib/rack/urlmap.rb:58:in `each'[0m
      [36m# /home/ec2-user/.rvm/gems/ruby-3.1.2/gems/rack-2.2.4/lib/rack/urlmap.rb:58:in `call'[0m
      [36m# /home/ec2-user/.rvm/gems/ruby-3.1.2/gems/rack-2.2.4/lib/rack/builder.rb:244:in `call'[0m
      [36m# /home/ec2-user/.rvm/gems/ruby-3.1.2/gems/rack-test-2.0.2/lib/rack/test.rb:358:in `process_request'[0m
      [36m# /home/ec2-user/.rvm/gems/ruby-3.1.2/gems/rack-test-2.0.2/lib/rack/test.rb:165:in `custom_request'[0m
      [36m# /home/ec2-user/.rvm/gems/ruby-3.1.2/gems/rack-test-2.0.2/lib/rack/test.rb:114:in `get'[0m
      [36m# /home/ec2-user/.rvm/gems/ruby-3.1.2/gems/capybara-3.37.1/lib/capybara/rack_test/browser.rb:74:in `process'[0m
      [36m# /home/ec2-user/.rvm/gems/ruby-3.1.2/gems/capybara-3.37.1/lib/capybara/rack_test/browser.rb:49:in `process_and_follow_redirects'[0m
      [36m# /home/ec2-user/.rvm/gems/ruby-3.1.2/gems/capybara-3.37.1/lib/capybara/rack_test/browser.rb:26:in `visit'[0m
      [36m# /home/ec2-user/.rvm/gems/ruby-3.1.2/gems/capybara-3.37.1/lib/capybara/rack_test/driver.rb:46:in `visit'[0m
      [36m# /home/ec2-user/.rvm/gems/ruby-3.1.2/gems/capybara-3.37.1/lib/capybara/session.rb:278:in `visit'[0m
      [36m# /home/ec2-user/.rvm/gems/ruby-3.1.2/gems/capybara-3.37.1/lib/capybara/dsl.rb:52:in `call'[0m
      [36m# /home/ec2-user/.rvm/gems/ruby-3.1.2/gems/capybara-3.37.1/lib/capybara/dsl.rb:52:in `visit'[0m
      [36m# ./spec/system/03_finishing_touches_spec.rb:366:in `block (4 levels) in <main>'[0m

  56) [STEP3] 仕上げのテスト アイコンのテスト ヘッダー: ログインしていない場合 Homeリンクのアイコンが表示される
      [31mFailure/Error: [0mis_expected.to have_selector [31m[1;31m'[0m[31m.fas.fa-home[1;31m'[0m[31m[0m[0m
      [31m  expected to find css ".fas.fa-home" but there were no matches[0m
      [36m# ./spec/system/03_finishing_touches_spec.rb:382:in `block (4 levels) in <main>'[0m

  57) [STEP3] 仕上げのテスト アイコンのテスト ヘッダー: ログインしていない場合 Aboutリンクのアイコンが表示される
      [31mFailure/Error: [0mis_expected.to have_selector [31m[1;31m'[0m[31m.fas.fa-link[1;31m'[0m[31m[0m[0m
      [31m  expected to find css ".fas.fa-link" but there were no matches[0m
      [36m# ./spec/system/03_finishing_touches_spec.rb:385:in `block (4 levels) in <main>'[0m

  58) [STEP3] 仕上げのテスト アイコンのテスト ヘッダー: ログインしていない場合 Sign upリンクのアイコンが表示される
      [31mFailure/Error: [0mis_expected.to have_selector [31m[1;31m'[0m[31m.fas.fa-user-plus[1;31m'[0m[31m[0m[0m
      [31m  expected to find css ".fas.fa-user-plus" but there were no matches[0m
      [36m# ./spec/system/03_finishing_touches_spec.rb:388:in `block (4 levels) in <main>'[0m

  59) [STEP3] 仕上げのテスト アイコンのテスト ヘッダー: ログインしていない場合 Log inリンクのアイコンが表示される
      [31mFailure/Error: [0mis_expected.to have_selector [31m[1;31m'[0m[31m.fas.fa-sign-in-alt[1;31m'[0m[31m[0m[0m
      [31m  expected to find css ".fas.fa-sign-in-alt" but there were no matches[0m
      [36m# ./spec/system/03_finishing_touches_spec.rb:391:in `block (4 levels) in <main>'[0m

  60) [STEP3] 仕上げのテスト アイコンのテスト ヘッダー: ログインしている場合 Homeリンクのアイコンが表示される
      [31mFailure/Error: [0mis_expected.to have_selector [31m[1;31m'[0m[31m.fas.fa-home[1;31m'[0m[31m[0m[0m
      [31m  expected to find css ".fas.fa-home" but there were no matches[0m
      [36m# ./spec/system/03_finishing_touches_spec.rb:406:in `block (4 levels) in <main>'[0m

  61) [STEP3] 仕上げのテスト アイコンのテスト ヘッダー: ログインしている場合 Usersリンクのアイコンが表示される
      [31mFailure/Error: [0mis_expected.to have_selector [31m[1;31m'[0m[31m.fas.fa-users[1;31m'[0m[31m[0m[0m
      [31m  expected to find css ".fas.fa-users" but there were no matches[0m
      [36m# ./spec/system/03_finishing_touches_spec.rb:409:in `block (4 levels) in <main>'[0m

  62) [STEP3] 仕上げのテスト アイコンのテスト ヘッダー: ログインしている場合 Booksリンクのアイコンが表示される
      [31mFailure/Error: [0mis_expected.to have_selector [31m[1;31m'[0m[31m.fas.fa-book-open[1;31m'[0m[31m[0m[0m
      [31m  expected to find css ".fas.fa-book-open" but there were no matches[0m
      [36m# ./spec/system/03_finishing_touches_spec.rb:412:in `block (4 levels) in <main>'[0m

  63) [STEP3] 仕上げのテスト アイコンのテスト ヘッダー: ログインしている場合 Log outリンクのアイコンが表示される
      [31mFailure/Error: [0mis_expected.to have_selector [31m[1;31m'[0m[31m.fas.fa-sign-out-alt[1;31m'[0m[31m[0m[0m
      [31m  expected to find css ".fas.fa-sign-out-alt" but there were no matches[0m
      [36m# ./spec/system/03_finishing_touches_spec.rb:415:in `block (4 levels) in <main>'[0m

  64) [STEP3] 仕上げのテスト アイコンのテスト サイドバー ユーザ一覧画面でレンチアイコンが表示される
      [31mFailure/Error: [0mis_expected.to have_selector [31m[1;31m'[0m[31m.fas.fa-user-cog[1;31m'[0m[31m[0m[0m
      [31m  expected to find css ".fas.fa-user-cog" but there were no matches[0m
      [36m# ./spec/system/03_finishing_touches_spec.rb:431:in `block (4 levels) in <main>'[0m

  65) [STEP3] 仕上げのテスト アイコンのテスト サイドバー ユーザ詳細画面でレンチアイコンが表示される
      [31mFailure/Error: [0mis_expected.to have_selector [31m[1;31m'[0m[31m.fas.fa-user-cog[1;31m'[0m[31m[0m[0m
      [31m  expected to find css ".fas.fa-user-cog" but there were no matches[0m
      [36m# ./spec/system/03_finishing_touches_spec.rb:435:in `block (4 levels) in <main>'[0m

  66) [STEP3] 仕上げのテスト アイコンのテスト サイドバー 投稿一覧画面でレンチアイコンが表示される
      [31mFailure/Error: [0mis_expected.to have_selector [31m[1;31m'[0m[31m.fas.fa-user-cog[1;31m'[0m[31m[0m[0m
      [31m  expected to find css ".fas.fa-user-cog" but there were no matches[0m
      [36m# ./spec/system/03_finishing_touches_spec.rb:439:in `block (4 levels) in <main>'[0m

  67) [STEP3] 仕上げのテスト アイコンのテスト サイドバー 投稿詳細画面でレンチアイコンが表示される
      [31mFailure/Error: [0mis_expected.to have_selector [31m[1;31m'[0m[31m.fas.fa-user-cog[1;31m'[0m[31m[0m[0m
      [31m  expected to find css ".fas.fa-user-cog" but there were no matches[0m
      [36m# ./spec/system/03_finishing_touches_spec.rb:443:in `block (4 levels) in <main>'[0m

Finished in 1 minute 1.92 seconds (files took 4.11 seconds to load)
[31m199 examples, 67 failures[0m

Failed examples:

[31mrspec ./spec/system/01_before_login_spec.rb:10[0m [36m# [STEP1] ユーザログイン前のテスト トップ画面のテスト 表示内容の確認 URLが正しい[0m
[31mrspec ./spec/system/01_before_login_spec.rb:13[0m [36m# [STEP1] ユーザログイン前のテスト トップ画面のテスト 表示内容の確認 Log inリンクが表示される: 青色のボタンの表示が「Log in」である[0m
[31mrspec ./spec/system/01_before_login_spec.rb:17[0m [36m# [STEP1] ユーザログイン前のテスト トップ画面のテスト 表示内容の確認 Log inリンクの内容が正しい[0m
[31mrspec ./spec/system/01_before_login_spec.rb:21[0m [36m# [STEP1] ユーザログイン前のテスト トップ画面のテスト 表示内容の確認 Sign upリンクが表示される: 緑色のボタンの表示が「Sign up」である[0m
[31mrspec ./spec/system/01_before_login_spec.rb:25[0m [36m# [STEP1] ユーザログイン前のテスト トップ画面のテスト 表示内容の確認 Sign upリンクの内容が正しい[0m
[31mrspec ./spec/system/01_before_login_spec.rb:38[0m [36m# [STEP1] ユーザログイン前のテスト アバウト画面のテスト 表示内容の確認 URLが正しい[0m
[31mrspec ./spec/system/01_before_login_spec.rb:50[0m [36m# [STEP1] ユーザログイン前のテスト ヘッダーのテスト: ログインしていない場合 表示内容の確認 Bookersリンクが表示される: 左上から1番目のリンクが「Bookers」である[0m
[31mrspec ./spec/system/01_before_login_spec.rb:54[0m [36m# [STEP1] ユーザログイン前のテスト ヘッダーのテスト: ログインしていない場合 表示内容の確認 Homeリンクが表示される: 左上から2番目のリンクが「Home」である[0m
[31mrspec ./spec/system/01_before_login_spec.rb:58[0m [36m# [STEP1] ユーザログイン前のテスト ヘッダーのテスト: ログインしていない場合 表示内容の確認 Aboutリンクが表示される: 左上から3番目のリンクが「About」である[0m
[31mrspec ./spec/system/01_before_login_spec.rb:62[0m [36m# [STEP1] ユーザログイン前のテスト ヘッダーのテスト: ログインしていない場合 表示内容の確認 Sign upリンクが表示される: 左上から4番目のリンクが「Sign up」である[0m
[31mrspec ./spec/system/01_before_login_spec.rb:66[0m [36m# [STEP1] ユーザログイン前のテスト ヘッダーのテスト: ログインしていない場合 表示内容の確認 Log inリンクが表示される: 左上から5番目のリンクが「Log in」である[0m
[31mrspec ./spec/system/01_before_login_spec.rb:75[0m [36m# [STEP1] ユーザログイン前のテスト ヘッダーのテスト: ログインしていない場合 リンクの内容を確認 Bookersを押すと、トップ画面に遷移する[0m
[31mrspec ./spec/system/01_before_login_spec.rb:82[0m [36m# [STEP1] ユーザログイン前のテスト ヘッダーのテスト: ログインしていない場合 リンクの内容を確認 Homeを押すと、トップ画面に遷移する[0m
[31mrspec ./spec/system/01_before_login_spec.rb:89[0m [36m# [STEP1] ユーザログイン前のテスト ヘッダーのテスト: ログインしていない場合 リンクの内容を確認 Aboutを押すと、アバウト画面に遷移する[0m
[31mrspec ./spec/system/01_before_login_spec.rb:95[0m [36m# [STEP1] ユーザログイン前のテスト ヘッダーのテスト: ログインしていない場合 リンクの内容を確認 Sign upを押すと、新規登録画面に遷移する[0m
[31mrspec ./spec/system/01_before_login_spec.rb:101[0m [36m# [STEP1] ユーザログイン前のテスト ヘッダーのテスト: ログインしていない場合 リンクの内容を確認 Log inを押すと、ログイン画面に遷移する[0m
[31mrspec ./spec/system/01_before_login_spec.rb:150[0m [36m# [STEP1] ユーザログイン前のテスト ユーザ新規登録のテスト 新規登録成功のテスト 新規登録後のリダイレクト先が、新規登録できたユーザの詳細画面になっている[0m
[31mrspec ./spec/system/01_before_login_spec.rb:192[0m [36m# [STEP1] ユーザログイン前のテスト ユーザログイン ログイン成功のテスト ログイン後のリダイレクト先が、ログインしたユーザの詳細画面になっている[0m
[31mrspec ./spec/system/01_before_login_spec.rb:221[0m [36m# [STEP1] ユーザログイン前のテスト ヘッダーのテスト: ログインしている場合 ヘッダーの表示を確認 Bookersリンクが表示される: 左上から1番目のリンクが「Bookers」である[0m
[31mrspec ./spec/system/01_before_login_spec.rb:225[0m [36m# [STEP1] ユーザログイン前のテスト ヘッダーのテスト: ログインしている場合 ヘッダーの表示を確認 Homeリンクが表示される: 左上から2番目のリンクが「Home」である[0m
[31mrspec ./spec/system/01_before_login_spec.rb:229[0m [36m# [STEP1] ユーザログイン前のテスト ヘッダーのテスト: ログインしている場合 ヘッダーの表示を確認 Usersリンクが表示される: 左上から3番目のリンクが「Users」である[0m
[31mrspec ./spec/system/01_before_login_spec.rb:233[0m [36m# [STEP1] ユーザログイン前のテスト ヘッダーのテスト: ログインしている場合 ヘッダーの表示を確認 Booksリンクが表示される: 左上から4番目のリンクが「Books」である[0m
[31mrspec ./spec/system/01_before_login_spec.rb:237[0m [36m# [STEP1] ユーザログイン前のテスト ヘッダーのテスト: ログインしている場合 ヘッダーの表示を確認 Log outリンクが表示される: 左上から5番目のリンクが「Log out」である[0m
[31mrspec ./spec/system/01_before_login_spec.rb:258[0m [36m# [STEP1] ユーザログイン前のテスト ユーザログアウトのテスト ログアウト機能のテスト 正しくログアウトできている: ログアウト後のリダイレクト先においてAbout画面へのリンクが存在する[0m
[31mrspec ./spec/system/01_before_login_spec.rb:261[0m [36m# [STEP1] ユーザログイン前のテスト ユーザログアウトのテスト ログアウト機能のテスト ログアウト後のリダイレクト先が、トップになっている[0m
[31mrspec ./spec/system/02_after_login_spec.rb:20[0m [36m# [STEP2] ユーザログイン後のテスト ヘッダーのテスト: ログインしている場合 リンクの内容を確認: ※logoutは『ユーザログアウトのテスト』でテスト済みになります。 Homeを押すと、自分のユーザ詳細画面に遷移する[0m
[31mrspec ./spec/system/02_after_login_spec.rb:26[0m [36m# [STEP2] ユーザログイン後のテスト ヘッダーのテスト: ログインしている場合 リンクの内容を確認: ※logoutは『ユーザログアウトのテスト』でテスト済みになります。 Usersを押すと、ユーザ一覧画面に遷移する[0m
[31mrspec ./spec/system/02_after_login_spec.rb:32[0m [36m# [STEP2] ユーザログイン後のテスト ヘッダーのテスト: ログインしている場合 リンクの内容を確認: ※logoutは『ユーザログアウトのテスト』でテスト済みになります。 Booksを押すと、投稿一覧画面に遷移する[0m
[31mrspec ./spec/system/02_after_login_spec.rb:54[0m [36m# [STEP2] ユーザログイン後のテスト 投稿一覧画面のテスト 表示内容の確認 自分の投稿と他人の投稿のタイトルのリンク先がそれぞれ正しい[0m
[31mrspec ./spec/system/02_after_login_spec.rb:87[0m [36m# [STEP2] ユーザログイン後のテスト 投稿一覧画面のテスト サイドバーの確認 Create Bookボタンが表示される[0m
[31mrspec ./spec/system/02_after_login_spec.rb:98[0m [36m# [STEP2] ユーザログイン後のテスト 投稿一覧画面のテスト 投稿成功のテスト 自分の新しい投稿が正しく保存される[0m
[31mrspec ./spec/system/02_after_login_spec.rb:101[0m [36m# [STEP2] ユーザログイン後のテスト 投稿一覧画面のテスト 投稿成功のテスト リダイレクト先が、保存できた投稿の詳細画面になっている[0m
[31mrspec ./spec/system/02_after_login_spec.rb:120[0m [36m# [STEP2] ユーザログイン後のテスト 自分の投稿詳細画面のテスト 表示内容の確認 ユーザ画像・名前のリンク先が正しい[0m
[31mrspec ./spec/system/02_after_login_spec.rb:160[0m [36m# [STEP2] ユーザログイン後のテスト 自分の投稿詳細画面のテスト サイドバーの確認 Create Bookボタンが表示される[0m
[31mrspec ./spec/system/02_after_login_spec.rb:171[0m [36m# [STEP2] ユーザログイン後のテスト 自分の投稿詳細画面のテスト 投稿成功のテスト 自分の新しい投稿が正しく保存される[0m
[31mrspec ./spec/system/02_after_login_spec.rb:303[0m [36m# [STEP2] ユーザログイン後のテスト ユーザ一覧画面のテスト サイドバーの確認 Create Bookボタンが表示される[0m
[31mrspec ./spec/system/02_after_login_spec.rb:357[0m [36m# [STEP2] ユーザログイン後のテスト 自分のユーザ詳細画面のテスト サイドバーの確認 Create Bookボタンが表示される[0m
[31mrspec ./spec/system/02_after_login_spec.rb:403[0m [36m# [STEP2] ユーザログイン後のテスト 自分のユーザ情報編集画面のテスト 更新成功のテスト リダイレクト先が、自分のユーザ詳細画面になっている[0m
[31mrspec ./spec/system/03_finishing_touches_spec.rb:28[0m [36m# [STEP3] 仕上げのテスト サクセスメッセージのテスト ユーザログアウト成功時[0m
[31mrspec ./spec/system/03_finishing_touches_spec.rb:47[0m [36m# [STEP3] 仕上げのテスト サクセスメッセージのテスト 投稿データの新規投稿成功時: 投稿一覧画面から行います。[0m
[31mrspec ./spec/system/03_finishing_touches_spec.rb:131[0m [36m# [STEP3] 仕上げのテスト 処理失敗時のテスト 投稿データの新規投稿失敗: 投稿一覧画面から行い、titleを空にする 投稿が保存されない[0m
[31mrspec ./spec/system/03_finishing_touches_spec.rb:134[0m [36m# [STEP3] 仕上げのテスト 処理失敗時のテスト 投稿データの新規投稿失敗: 投稿一覧画面から行い、titleを空にする 投稿一覧画面を表示している[0m
[31mrspec ./spec/system/03_finishing_touches_spec.rb:144[0m [36m# [STEP3] 仕上げのテスト 処理失敗時のテスト 投稿データの新規投稿失敗: 投稿一覧画面から行い、titleを空にする バリデーションエラーが表示される[0m
[31mrspec ./spec/system/03_finishing_touches_spec.rb:225[0m [36m# [STEP3] 仕上げのテスト 他人の画面のテスト 他人の投稿詳細画面のテスト 表示内容の確認 ユーザ画像・名前のリンク先が正しい[0m
[31mrspec ./spec/system/03_finishing_touches_spec.rb:247[0m [36m# [STEP3] 仕上げのテスト 他人の画面のテスト 他人の投稿詳細画面のテスト サイドバーの確認 他人のユーザ編集画面へのリンクが存在する[0m
[31mrspec ./spec/system/03_finishing_touches_spec.rb:254[0m [36m# [STEP3] 仕上げのテスト 他人の画面のテスト 他人の投稿詳細画面のテスト サイドバーの確認 自分のユーザ編集画面へのリンクは存在しない[0m
[31mrspec ./spec/system/03_finishing_touches_spec.rb:261[0m [36m# [STEP3] 仕上げのテスト 他人の画面のテスト 他人の投稿編集画面 遷移できず、投稿一覧画面にリダイレクトされる[0m
[31mrspec ./spec/system/03_finishing_touches_spec.rb:276[0m [36m# [STEP3] 仕上げのテスト 他人の画面のテスト 他人のユーザ詳細画面のテスト 表示の確認 投稿一覧のユーザ画像のリンク先が正しい[0m
[31mrspec ./spec/system/03_finishing_touches_spec.rb:310[0m [36m# [STEP3] 仕上げのテスト 他人の画面のテスト 他人のユーザ情報編集画面 遷移できず、自分のユーザ詳細画面にリダイレクトされる[0m
[31mrspec ./spec/system/03_finishing_touches_spec.rb:327[0m [36m# [STEP3] 仕上げのテスト グリッドシステムのテスト: container, row, col-md-〇を正しく使えている ユーザ一覧画面[0m
[31mrspec ./spec/system/03_finishing_touches_spec.rb:332[0m [36m# [STEP3] 仕上げのテスト グリッドシステムのテスト: container, row, col-md-〇を正しく使えている ユーザ詳細画面[0m
[31mrspec ./spec/system/03_finishing_touches_spec.rb:337[0m [36m# [STEP3] 仕上げのテスト グリッドシステムのテスト: container, row, col-md-〇を正しく使えている 投稿一覧画面[0m
[31mrspec ./spec/system/03_finishing_touches_spec.rb:342[0m [36m# [STEP3] 仕上げのテスト グリッドシステムのテスト: container, row, col-md-〇を正しく使えている 投稿詳細画面[0m
[31mrspec ./spec/system/03_finishing_touches_spec.rb:357[0m [36m# [STEP3] 仕上げのテスト アイコンのテスト トップ画面 本のアイコンが表示される[0m
[31mrspec ./spec/system/03_finishing_touches_spec.rb:369[0m [36m# [STEP3] 仕上げのテスト アイコンのテスト アバウト画面 本のアイコンが表示される[0m
[31mrspec ./spec/system/03_finishing_touches_spec.rb:381[0m [36m# [STEP3] 仕上げのテスト アイコンのテスト ヘッダー: ログインしていない場合 Homeリンクのアイコンが表示される[0m
[31mrspec ./spec/system/03_finishing_touches_spec.rb:384[0m [36m# [STEP3] 仕上げのテスト アイコンのテスト ヘッダー: ログインしていない場合 Aboutリンクのアイコンが表示される[0m
[31mrspec ./spec/system/03_finishing_touches_spec.rb:387[0m [36m# [STEP3] 仕上げのテスト アイコンのテスト ヘッダー: ログインしていない場合 Sign upリンクのアイコンが表示される[0m
[31mrspec ./spec/system/03_finishing_touches_spec.rb:390[0m [36m# [STEP3] 仕上げのテスト アイコンのテスト ヘッダー: ログインしていない場合 Log inリンクのアイコンが表示される[0m
[31mrspec ./spec/system/03_finishing_touches_spec.rb:405[0m [36m# [STEP3] 仕上げのテスト アイコンのテスト ヘッダー: ログインしている場合 Homeリンクのアイコンが表示される[0m
[31mrspec ./spec/system/03_finishing_touches_spec.rb:408[0m [36m# [STEP3] 仕上げのテスト アイコンのテスト ヘッダー: ログインしている場合 Usersリンクのアイコンが表示される[0m
[31mrspec ./spec/system/03_finishing_touches_spec.rb:411[0m [36m# [STEP3] 仕上げのテスト アイコンのテスト ヘッダー: ログインしている場合 Booksリンクのアイコンが表示される[0m
[31mrspec ./spec/system/03_finishing_touches_spec.rb:414[0m [36m# [STEP3] 仕上げのテスト アイコンのテスト ヘッダー: ログインしている場合 Log outリンクのアイコンが表示される[0m
[31mrspec ./spec/system/03_finishing_touches_spec.rb:429[0m [36m# [STEP3] 仕上げのテスト アイコンのテスト サイドバー ユーザ一覧画面でレンチアイコンが表示される[0m
[31mrspec ./spec/system/03_finishing_touches_spec.rb:433[0m [36m# [STEP3] 仕上げのテスト アイコンのテスト サイドバー ユーザ詳細画面でレンチアイコンが表示される[0m
[31mrspec ./spec/system/03_finishing_touches_spec.rb:437[0m [36m# [STEP3] 仕上げのテスト アイコンのテスト サイドバー 投稿一覧画面でレンチアイコンが表示される[0m
[31mrspec ./spec/system/03_finishing_touches_spec.rb:441[0m [36m# [STEP3] 仕上げのテスト アイコンのテスト サイドバー 投稿詳細画面でレンチアイコンが表示される[0m

